# JRE version: OpenJDK Runtime Environment (11.0.15) (build 11.0.15+0-b2043.56-9505619)
# Java VM: OpenJDK 64-Bit Server VM (11.0.15+0-b2043.56-9505619, mixed mode, tiered, compressed oops, g1 gc, windows-amd64)
Heap:
 garbage-first heap   total 371712K, used 202744K [0x0000000080000000, 0x0000000100000000)
  region size 1024K, 1 young (1024K), 1 survivors (1024K)
 Metaspace       used 112331K, capacity 115234K, committed 115536K, reserved 1148928K
  class space    used 14370K, capacity 15505K, committed 15564K, reserved 1048576K
GC Heap History (20 events):
Event: 24.263 GC heap after
{Heap after GC invocations=30 (full 0):
 garbage-first heap   total 227328K, used 100285K [0x0000000080000000, 0x0000000100000000)
  region size 1024K, 1 young (1024K), 1 survivors (1024K)
 Metaspace       used 98209K, capacity 100856K, committed 101200K, reserved 1136640K
  class space    used 12393K, capacity 13395K, committed 13516K, reserved 1048576K
}
Event: 25.558 GC heap before
{Heap before GC invocations=30 (full 0):
 garbage-first heap   total 227328K, used 157629K [0x0000000080000000, 0x0000000100000000)
  region size 1024K, 58 young (59392K), 1 survivors (1024K)
 Metaspace       used 100311K, capacity 103017K, committed 103248K, reserved 1138688K
  class space    used 12654K, capacity 13666K, committed 13772K, reserved 1048576K
}
Event: 25.567 GC heap after
{Heap after GC invocations=31 (full 0):
 garbage-first heap   total 227328K, used 105107K [0x0000000080000000, 0x0000000100000000)
  region size 1024K, 6 young (6144K), 6 survivors (6144K)
 Metaspace       used 100311K, capacity 103017K, committed 103248K, reserved 1138688K
  class space    used 12654K, capacity 13666K, committed 13772K, reserved 1048576K
}
Event: 25.928 GC heap before
{Heap before GC invocations=31 (full 0):
 garbage-first heap   total 227328K, used 139923K [0x0000000080000000, 0x0000000100000000)
  region size 1024K, 39 young (39936K), 6 survivors (6144K)
 Metaspace       used 101814K, capacity 104549K, committed 104784K, reserved 1140736K
  class space    used 12859K, capacity 13912K, committed 14028K, reserved 1048576K
}
Event: 25.938 GC heap after
{Heap after GC invocations=32 (full 0):
 garbage-first heap   total 227328K, used 109775K [0x0000000080000000, 0x0000000100000000)
  region size 1024K, 2 young (2048K), 2 survivors (2048K)
 Metaspace       used 101814K, capacity 104549K, committed 104784K, reserved 1140736K
  class space    used 12859K, capacity 13912K, committed 14028K, reserved 1048576K
}
Event: 26.859 GC heap before
{Heap before GC invocations=33 (full 0):
 garbage-first heap   total 227328K, used 201935K [0x0000000080000000, 0x0000000100000000)
  region size 1024K, 57 young (58368K), 2 survivors (2048K)
 Metaspace       used 106578K, capacity 109352K, committed 109392K, reserved 1144832K
  class space    used 13477K, capacity 14515K, committed 14540K, reserved 1048576K
}
Event: 26.868 GC heap after
{Heap after GC invocations=34 (full 0):
 garbage-first heap   total 227328K, used 137848K [0x0000000080000000, 0x0000000100000000)
  region size 1024K, 8 young (8192K), 8 survivors (8192K)
 Metaspace       used 106578K, capacity 109352K, committed 109392K, reserved 1144832K
  class space    used 13477K, capacity 14515K, committed 14540K, reserved 1048576K
}
Event: 26.941 GC heap before
{Heap before GC invocations=34 (full 0):
 garbage-first heap   total 227328K, used 140920K [0x0000000080000000, 0x0000000100000000)
  region size 1024K, 11 young (11264K), 8 survivors (8192K)
 Metaspace       used 106885K, capacity 109589K, committed 109776K, reserved 1144832K
  class space    used 13519K, capacity 14549K, committed 14668K, reserved 1048576K
}
Event: 26.957 GC heap after
{Heap after GC invocations=35 (full 0):
 garbage-first heap   total 227328K, used 131529K [0x0000000080000000, 0x0000000100000000)
  region size 1024K, 1 young (1024K), 1 survivors (1024K)
 Metaspace       used 106885K, capacity 109589K, committed 109776K, reserved 1144832K
  class space    used 13519K, capacity 14549K, committed 14668K, reserved 1048576K
}
Event: 27.276 GC heap before
{Heap before GC invocations=35 (full 0):
 garbage-first heap   total 227328K, used 161225K [0x0000000080000000, 0x0000000100000000)
  region size 1024K, 32 young (32768K), 1 survivors (1024K)
 Metaspace       used 107280K, capacity 109972K, committed 110288K, reserved 1144832K
  class space    used 13559K, capacity 14592K, committed 14668K, reserved 1048576K
}
Event: 27.301 GC heap after
{Heap after GC invocations=36 (full 0):
 garbage-first heap   total 227328K, used 143534K [0x0000000080000000, 0x0000000100000000)
  region size 1024K, 6 young (6144K), 6 survivors (6144K)
 Metaspace       used 107280K, capacity 109972K, committed 110288K, reserved 1144832K
  class space    used 13559K, capacity 14592K, committed 14668K, reserved 1048576K
}
Event: 27.990 GC heap before
{Heap before GC invocations=37 (full 0):
 garbage-first heap   total 227328K, used 179374K [0x0000000080000000, 0x0000000100000000)
  region size 1024K, 40 young (40960K), 6 survivors (6144K)
 Metaspace       used 109692K, capacity 112503K, committed 112592K, reserved 1146880K
  class space    used 14036K, capacity 15116K, committed 15180K, reserved 1048576K
}
Event: 28.022 GC heap after
{Heap after GC invocations=38 (full 0):
 garbage-first heap   total 273408K, used 158720K [0x0000000080000000, 0x0000000100000000)
  region size 1024K, 5 young (5120K), 5 survivors (5120K)
 Metaspace       used 109692K, capacity 112503K, committed 112592K, reserved 1146880K
  class space    used 14036K, capacity 15116K, committed 15180K, reserved 1048576K
}
Event: 28.071 GC heap before
{Heap before GC invocations=38 (full 0):
 garbage-first heap   total 273408K, used 166912K [0x0000000080000000, 0x0000000100000000)
  region size 1024K, 13 young (13312K), 5 survivors (5120K)
 Metaspace       used 109703K, capacity 112503K, committed 112592K, reserved 1146880K
  class space    used 14036K, capacity 15116K, committed 15180K, reserved 1048576K
}
Event: 28.090 GC heap after
{Heap after GC invocations=39 (full 0):
 garbage-first heap   total 273408K, used 163840K [0x0000000080000000, 0x0000000100000000)
  region size 1024K, 2 young (2048K), 2 survivors (2048K)
 Metaspace       used 109703K, capacity 112503K, committed 112592K, reserved 1146880K
  class space    used 14036K, capacity 15116K, committed 15180K, reserved 1048576K
}
Event: 28.449 GC heap before
{Heap before GC invocations=39 (full 0):
 garbage-first heap   total 273408K, used 203776K [0x0000000080000000, 0x0000000100000000)
  region size 1024K, 42 young (43008K), 2 survivors (2048K)
 Metaspace       used 109781K, capacity 112574K, committed 112848K, reserved 1146880K
  class space    used 14037K, capacity 15117K, committed 15180K, reserved 1048576K
}
Event: 28.479 GC heap after
{Heap after GC invocations=40 (full 0):
 garbage-first heap   total 273408K, used 184726K [0x0000000080000000, 0x0000000100000000)
  region size 1024K, 6 young (6144K), 6 survivors (6144K)
 Metaspace       used 109781K, capacity 112574K, committed 112848K, reserved 1146880K
  class space    used 14037K, capacity 15117K, committed 15180K, reserved 1048576K
}
Event: 28.969 GC heap before
{Heap before GC invocations=40 (full 0):
 garbage-first heap   total 273408K, used 214422K [0x0000000080000000, 0x0000000100000000)
  region size 1024K, 36 young (36864K), 6 survivors (6144K)
 Metaspace       used 109929K, capacity 112695K, committed 112848K, reserved 1146880K
  class space    used 14049K, capacity 15133K, committed 15180K, reserved 1048576K
}
Event: 28.997 GC heap after
{Heap after GC invocations=41 (full 0):
 garbage-first heap   total 273408K, used 200704K [0x0000000080000000, 0x0000000100000000)
  region size 1024K, 5 young (5120K), 5 survivors (5120K)
 Metaspace       used 109929K, capacity 112695K, committed 112848K, reserved 1146880K
  class space    used 14049K, capacity 15133K, committed 15180K, reserved 1048576K
}
Event: 29.774 GC heap before
{Heap before GC invocations=42 (full 0):
 garbage-first heap   total 273408K, used 221184K [0x0000000080000000, 0x0000000100000000)
  region size 1024K, 26 young (26624K), 5 survivors (5120K)
 Metaspace       used 112331K, capacity 115234K, committed 115536K, reserved 1148928K
  class space    used 14370K, capacity 15505K, committed 15564K, reserved 1048576K
}

