# JRE version: OpenJDK Runtime Environment (11.0.15) (build 11.0.15+0-b2043.56-9505619)
# Java VM: OpenJDK 64-Bit Server VM (11.0.15+0-b2043.56-9505619, mixed mode, tiered, compressed oops, g1 gc, windows-amd64)
Heap:
 garbage-first heap   total 336896K, used 175104K [0x0000000080000000, 0x0000000100000000)
  region size 1024K, 6 young (6144K), 6 survivors (6144K)
 Metaspace       used 97870K, capacity 100563K, committed 100808K, reserved 1136640K
  class space    used 12773K, capacity 13782K, committed 13848K, reserved 1048576K
GC Heap History (20 events):
Event: 9.747 GC heap after
{Heap after GC invocations=14 (full 0):
 garbage-first heap   total 204800K, used 53270K [0x0000000080000000, 0x0000000100000000)
  region size 1024K, 6 young (6144K), 6 survivors (6144K)
 Metaspace       used 66608K, capacity 68280K, committed 68424K, reserved 1107968K
  class space    used 8397K, capacity 9075K, committed 9112K, reserved 1048576K
}
Event: 9.997 GC heap before
{Heap before GC invocations=14 (full 0):
 garbage-first heap   total 204800K, used 68630K [0x0000000080000000, 0x0000000100000000)
  region size 1024K, 22 young (22528K), 6 survivors (6144K)
 Metaspace       used 68474K, capacity 70137K, committed 70216K, reserved 1110016K
  class space    used 8645K, capacity 9331K, committed 9368K, reserved 1048576K
}
Event: 10.008 GC heap after
{Heap after GC invocations=15 (full 0):
 garbage-first heap   total 204800K, used 53894K [0x0000000080000000, 0x0000000100000000)
  region size 1024K, 7 young (7168K), 7 survivors (7168K)
 Metaspace       used 68474K, capacity 70137K, committed 70216K, reserved 1110016K
  class space    used 8645K, capacity 9331K, committed 9368K, reserved 1048576K
}
Event: 11.529 GC heap before
{Heap before GC invocations=16 (full 0):
 garbage-first heap   total 204800K, used 141958K [0x0000000080000000, 0x0000000100000000)
  region size 1024K, 93 young (95232K), 7 survivors (7168K)
 Metaspace       used 77243K, capacity 79091K, committed 79176K, reserved 1118208K
  class space    used 10099K, capacity 10840K, committed 10904K, reserved 1048576K
}
Event: 11.542 GC heap after
{Heap after GC invocations=17 (full 0):
 garbage-first heap   total 204800K, used 58294K [0x0000000080000000, 0x0000000100000000)
  region size 1024K, 11 young (11264K), 11 survivors (11264K)
 Metaspace       used 77243K, capacity 79091K, committed 79176K, reserved 1118208K
  class space    used 10099K, capacity 10840K, committed 10904K, reserved 1048576K
}
Event: 12.515 GC heap before
{Heap before GC invocations=17 (full 0):
 garbage-first heap   total 204800K, used 151478K [0x0000000080000000, 0x0000000100000000)
  region size 1024K, 102 young (104448K), 11 survivors (11264K)
 Metaspace       used 81790K, capacity 83806K, committed 84040K, reserved 1122304K
  class space    used 10636K, capacity 11382K, committed 11416K, reserved 1048576K
}
Event: 12.535 GC heap after
{Heap after GC invocations=18 (full 0):
 garbage-first heap   total 204800K, used 67573K [0x0000000080000000, 0x0000000100000000)
  region size 1024K, 13 young (13312K), 13 survivors (13312K)
 Metaspace       used 81790K, capacity 83806K, committed 84040K, reserved 1122304K
  class space    used 10636K, capacity 11382K, committed 11416K, reserved 1048576K
}
Event: 13.793 GC heap before
{Heap before GC invocations=18 (full 0):
 garbage-first heap   total 204800K, used 154613K [0x0000000080000000, 0x0000000100000000)
  region size 1024K, 98 young (100352K), 13 survivors (13312K)
 Metaspace       used 85995K, capacity 88400K, committed 88520K, reserved 1126400K
  class space    used 11146K, capacity 12042K, committed 12056K, reserved 1048576K
}
Event: 13.820 GC heap after
{Heap after GC invocations=19 (full 0):
 garbage-first heap   total 204800K, used 77058K [0x0000000080000000, 0x0000000100000000)
  region size 1024K, 9 young (9216K), 9 survivors (9216K)
 Metaspace       used 85995K, capacity 88400K, committed 88520K, reserved 1126400K
  class space    used 11146K, capacity 12042K, committed 12056K, reserved 1048576K
}
Event: 15.590 GC heap before
{Heap before GC invocations=19 (full 0):
 garbage-first heap   total 204800K, used 156930K [0x0000000080000000, 0x0000000100000000)
  region size 1024K, 88 young (90112K), 9 survivors (9216K)
 Metaspace       used 87295K, capacity 89787K, committed 90056K, reserved 1126400K
  class space    used 11260K, capacity 12182K, committed 12312K, reserved 1048576K
}
Event: 15.619 GC heap after
{Heap after GC invocations=20 (full 0):
 garbage-first heap   total 245760K, used 83931K [0x0000000080000000, 0x0000000100000000)
  region size 1024K, 7 young (7168K), 7 survivors (7168K)
 Metaspace       used 87295K, capacity 89787K, committed 90056K, reserved 1126400K
  class space    used 11260K, capacity 12182K, committed 12312K, reserved 1048576K
}
Event: 16.843 GC heap before
{Heap before GC invocations=20 (full 0):
 garbage-first heap   total 245760K, used 177115K [0x0000000080000000, 0x0000000100000000)
  region size 1024K, 99 young (101376K), 7 survivors (7168K)
 Metaspace       used 90865K, capacity 93470K, committed 93640K, reserved 1130496K
  class space    used 11727K, capacity 12680K, committed 12824K, reserved 1048576K
}
Event: 16.856 GC heap after
{Heap after GC invocations=21 (full 0):
 garbage-first heap   total 245760K, used 87187K [0x0000000080000000, 0x0000000100000000)
  region size 1024K, 10 young (10240K), 10 survivors (10240K)
 Metaspace       used 90865K, capacity 93470K, committed 93640K, reserved 1130496K
  class space    used 11727K, capacity 12680K, committed 12824K, reserved 1048576K
}
Event: 17.589 GC heap before
{Heap before GC invocations=21 (full 0):
 garbage-first heap   total 245760K, used 167059K [0x0000000080000000, 0x0000000100000000)
  region size 1024K, 59 young (60416K), 10 survivors (10240K)
 Metaspace       used 95240K, capacity 97876K, committed 97992K, reserved 1134592K
  class space    used 12293K, capacity 13274K, committed 13336K, reserved 1048576K
}
Event: 17.618 GC heap after
{Heap after GC invocations=22 (full 0):
 garbage-first heap   total 245760K, used 117702K [0x0000000080000000, 0x0000000100000000)
  region size 1024K, 14 young (14336K), 14 survivors (14336K)
 Metaspace       used 95240K, capacity 97876K, committed 97992K, reserved 1134592K
  class space    used 12293K, capacity 13274K, committed 13336K, reserved 1048576K
}
Event: 18.013 GC heap before
{Heap before GC invocations=23 (full 0):
 garbage-first heap   total 245760K, used 157638K [0x0000000080000000, 0x0000000100000000)
  region size 1024K, 47 young (48128K), 14 survivors (14336K)
 Metaspace       used 95421K, capacity 98036K, committed 98248K, reserved 1134592K
  class space    used 12309K, capacity 13261K, committed 13336K, reserved 1048576K
}
Event: 18.091 GC heap after
{Heap after GC invocations=24 (full 0):
 garbage-first heap   total 245760K, used 131763K [0x0000000080000000, 0x0000000100000000)
  region size 1024K, 11 young (11264K), 11 survivors (11264K)
 Metaspace       used 95421K, capacity 98036K, committed 98248K, reserved 1134592K
  class space    used 12309K, capacity 13261K, committed 13336K, reserved 1048576K
}
Event: 18.702 GC heap before
{Heap before GC invocations=25 (full 0):
 garbage-first heap   total 245760K, used 190131K [0x0000000080000000, 0x0000000100000000)
  region size 1024K, 67 young (68608K), 11 survivors (11264K)
 Metaspace       used 97856K, capacity 100562K, committed 100808K, reserved 1136640K
  class space    used 12773K, capacity 13782K, committed 13848K, reserved 1048576K
}
Event: 18.759 GC heap after
{Heap after GC invocations=26 (full 0):
 garbage-first heap   total 245760K, used 157092K [0x0000000080000000, 0x0000000100000000)
  region size 1024K, 9 young (9216K), 9 survivors (9216K)
 Metaspace       used 97856K, capacity 100562K, committed 100808K, reserved 1136640K
  class space    used 12773K, capacity 13782K, committed 13848K, reserved 1048576K
}
Event: 18.981 GC heap before
{Heap before GC invocations=26 (full 0):
 garbage-first heap   total 245760K, used 191908K [0x0000000080000000, 0x0000000100000000)
  region size 1024K, 43 young (44032K), 9 survivors (9216K)
 Metaspace       used 97870K, capacity 100563K, committed 100808K, reserved 1136640K
  class space    used 12773K, capacity 13782K, committed 13848K, reserved 1048576K
}

