# JRE version: OpenJDK Runtime Environment (11.0.15) (build 11.0.15+0-b2043.56-9505619)
# Java VM: OpenJDK 64-Bit Server VM (11.0.15+0-b2043.56-9505619, mixed mode, tiered, compressed oops, g1 gc, windows-amd64)
Heap:
 garbage-first heap   total 489472K, used 283952K [0x0000000080000000, 0x0000000100000000)
  region size 1024K, 78 young (79872K), 1 survivors (1024K)
 Metaspace       used 121293K, capacity 124632K, committed 124752K, reserved 1157120K
  class space    used 15229K, capacity 16513K, committed 16588K, reserved 1048576K
GC Heap History (20 events):
Event: 291.088 GC heap before
{Heap before GC invocations=35 (full 0):
 garbage-first heap   total 227328K, used 133287K [0x0000000080000000, 0x0000000100000000)
  region size 1024K, 7 young (7168K), 2 survivors (2048K)
 Metaspace       used 114317K, capacity 117213K, committed 117328K, reserved 1150976K
  class space    used 14159K, capacity 15285K, committed 15308K, reserved 1048576K
}
Event: 291.091 GC heap after
{Heap after GC invocations=36 (full 0):
 garbage-first heap   total 227328K, used 131903K [0x0000000080000000, 0x0000000100000000)
  region size 1024K, 4 young (4096K), 4 survivors (4096K)
 Metaspace       used 114317K, capacity 117213K, committed 117328K, reserved 1150976K
  class space    used 14159K, capacity 15285K, committed 15308K, reserved 1048576K
}
Event: 291.459 GC heap before
{Heap before GC invocations=37 (full 0):
 garbage-first heap   total 227328K, used 194367K [0x0000000080000000, 0x0000000100000000)
  region size 1024K, 47 young (48128K), 4 survivors (4096K)
 Metaspace       used 114769K, capacity 117650K, committed 117968K, reserved 1153024K
  class space    used 14219K, capacity 15323K, committed 15436K, reserved 1048576K
}
Event: 291.471 GC heap after
{Heap after GC invocations=38 (full 0):
 garbage-first heap   total 227328K, used 144795K [0x0000000080000000, 0x0000000100000000)
  region size 1024K, 6 young (6144K), 6 survivors (6144K)
 Metaspace       used 114769K, capacity 117650K, committed 117968K, reserved 1153024K
  class space    used 14219K, capacity 15323K, committed 15436K, reserved 1048576K
}
Event: 291.480 GC heap before
{Heap before GC invocations=38 (full 0):
 garbage-first heap   total 227328K, used 145819K [0x0000000080000000, 0x0000000100000000)
  region size 1024K, 8 young (8192K), 6 survivors (6144K)
 Metaspace       used 114771K, capacity 117652K, committed 117968K, reserved 1153024K
  class space    used 14220K, capacity 15324K, committed 15436K, reserved 1048576K
}
Event: 291.487 GC heap after
{Heap after GC invocations=39 (full 0):
 garbage-first heap   total 227328K, used 145537K [0x0000000080000000, 0x0000000100000000)
  region size 1024K, 1 young (1024K), 1 survivors (1024K)
 Metaspace       used 114771K, capacity 117652K, committed 117968K, reserved 1153024K
  class space    used 14220K, capacity 15324K, committed 15436K, reserved 1048576K
}
Event: 291.679 GC heap before
{Heap before GC invocations=39 (full 0):
 garbage-first heap   total 227328K, used 173185K [0x0000000080000000, 0x0000000100000000)
  region size 1024K, 26 young (26624K), 1 survivors (1024K)
 Metaspace       used 114801K, capacity 117728K, committed 117968K, reserved 1153024K
  class space    used 14225K, capacity 15329K, committed 15436K, reserved 1048576K
}
Event: 291.696 GC heap after
{Heap after GC invocations=40 (full 0):
 garbage-first heap   total 227328K, used 156635K [0x0000000080000000, 0x0000000100000000)
  region size 1024K, 4 young (4096K), 4 survivors (4096K)
 Metaspace       used 114801K, capacity 117728K, committed 117968K, reserved 1153024K
  class space    used 14225K, capacity 15329K, committed 15436K, reserved 1048576K
}
Event: 292.043 GC heap before
{Heap before GC invocations=41 (full 0):
 garbage-first heap   total 227328K, used 179163K [0x0000000080000000, 0x0000000100000000)
  region size 1024K, 25 young (25600K), 4 survivors (4096K)
 Metaspace       used 117209K, capacity 120231K, committed 120528K, reserved 1155072K
  class space    used 14707K, capacity 15858K, committed 15948K, reserved 1048576K
}
Event: 292.065 GC heap after
{Heap after GC invocations=42 (full 0):
 garbage-first heap   total 227328K, used 165120K [0x0000000080000000, 0x0000000100000000)
  region size 1024K, 4 young (4096K), 4 survivors (4096K)
 Metaspace       used 117209K, capacity 120231K, committed 120528K, reserved 1155072K
  class space    used 14707K, capacity 15858K, committed 15948K, reserved 1048576K
}
Event: 292.116 GC heap before
{Heap before GC invocations=42 (full 0):
 garbage-first heap   total 227328K, used 172288K [0x0000000080000000, 0x0000000100000000)
  region size 1024K, 11 young (11264K), 4 survivors (4096K)
 Metaspace       used 117277K, capacity 120366K, committed 120528K, reserved 1155072K
  class space    used 14707K, capacity 15858K, committed 15948K, reserved 1048576K
}
Event: 292.134 GC heap after
{Heap after GC invocations=43 (full 0):
 garbage-first heap   total 273408K, used 167196K [0x0000000080000000, 0x0000000100000000)
  region size 1024K, 2 young (2048K), 2 survivors (2048K)
 Metaspace       used 117277K, capacity 120366K, committed 120528K, reserved 1155072K
  class space    used 14707K, capacity 15858K, committed 15948K, reserved 1048576K
}
Event: 292.394 GC heap before
{Heap before GC invocations=43 (full 0):
 garbage-first heap   total 273408K, used 199964K [0x0000000080000000, 0x0000000100000000)
  region size 1024K, 34 young (34816K), 2 survivors (2048K)
 Metaspace       used 117389K, capacity 120442K, committed 120784K, reserved 1155072K
  class space    used 14708K, capacity 15859K, committed 15948K, reserved 1048576K
}
Event: 292.414 GC heap after
{Heap after GC invocations=44 (full 0):
 garbage-first heap   total 273408K, used 183296K [0x0000000080000000, 0x0000000100000000)
  region size 1024K, 5 young (5120K), 5 survivors (5120K)
 Metaspace       used 117389K, capacity 120442K, committed 120784K, reserved 1155072K
  class space    used 14708K, capacity 15859K, committed 15948K, reserved 1048576K
}
Event: 292.767 GC heap before
{Heap before GC invocations=44 (full 0):
 garbage-first heap   total 273408K, used 210944K [0x0000000080000000, 0x0000000100000000)
  region size 1024K, 32 young (32768K), 5 survivors (5120K)
 Metaspace       used 117422K, capacity 120475K, committed 120784K, reserved 1155072K
  class space    used 14707K, capacity 15847K, committed 15948K, reserved 1048576K
}
Event: 292.790 GC heap after
{Heap after GC invocations=45 (full 0):
 garbage-first heap   total 273408K, used 197632K [0x0000000080000000, 0x0000000100000000)
  region size 1024K, 4 young (4096K), 4 survivors (4096K)
 Metaspace       used 117422K, capacity 120475K, committed 120784K, reserved 1155072K
  class space    used 14707K, capacity 15847K, committed 15948K, reserved 1048576K
}
Event: 292.994 GC heap before
{Heap before GC invocations=46 (full 0):
 garbage-first heap   total 273408K, used 218112K [0x0000000080000000, 0x0000000100000000)
  region size 1024K, 25 young (25600K), 4 survivors (4096K)
 Metaspace       used 117428K, capacity 120478K, committed 120784K, reserved 1155072K
  class space    used 14708K, capacity 15848K, committed 15948K, reserved 1048576K
}
Event: 293.016 GC heap after
{Heap after GC invocations=47 (full 0):
 garbage-first heap   total 273408K, used 209408K [0x0000000080000000, 0x0000000100000000)
  region size 1024K, 4 young (4096K), 4 survivors (4096K)
 Metaspace       used 117428K, capacity 120478K, committed 120784K, reserved 1155072K
  class space    used 14708K, capacity 15848K, committed 15948K, reserved 1048576K
}
Event: 293.302 GC heap before
{Heap before GC invocations=47 (full 0):
 garbage-first heap   total 273408K, used 217600K [0x0000000080000000, 0x0000000100000000)
  region size 1024K, 13 young (13312K), 4 survivors (4096K)
 Metaspace       used 119550K, capacity 122603K, committed 122832K, reserved 1157120K
  class space    used 15000K, capacity 16149K, committed 16204K, reserved 1048576K
}
Event: 293.326 GC heap after
{Heap after GC invocations=48 (full 0):
 garbage-first heap   total 489472K, used 205104K [0x0000000080000000, 0x0000000100000000)
  region size 1024K, 1 young (1024K), 1 survivors (1024K)
 Metaspace       used 119550K, capacity 122603K, committed 122832K, reserved 1157120K
  class space    used 15000K, capacity 16149K, committed 16204K, reserved 1048576K
}

